<?xml version="1.0" encoding="UTF-8"?>
<testng-results skipped="0" failed="0" ignored="0" total="1" passed="1">
  <reporter-output>
  </reporter-output>
  <suite name="Default suite" duration-ms="10784" started-at="2018-12-06T06:43:08Z" finished-at="2018-12-06T06:43:19Z">
    <groups>
    </groups>
    <test name="Default test" duration-ms="10784" started-at="2018-12-06T06:43:08Z" finished-at="2018-12-06T06:43:19Z">
      <class name="guru99.gittest.App">
        <test-method status="PASS" signature="beforeClass()[pri:0, instance:guru99.gittest.App@647e447]" name="beforeClass" is-config="true" duration-ms="9168" started-at="2018-12-06T06:43:08Z" finished-at="2018-12-06T06:43:17Z">
          <reporter-output>
          </reporter-output>
        </test-method> <!-- beforeClass -->
        <test-method status="PASS" signature="fillBasicInfo()[pri:0, instance:guru99.gittest.App@647e447]" name="fillBasicInfo" duration-ms="13" started-at="2018-12-06T06:43:17Z" finished-at="2018-12-06T06:43:17Z">
          <reporter-output>
          </reporter-output>
        </test-method> <!-- fillBasicInfo -->
        <test-method status="PASS" signature="afterClass()[pri:0, instance:guru99.gittest.App@647e447]" name="afterClass" is-config="true" duration-ms="1587" started-at="2018-12-06T06:43:17Z" finished-at="2018-12-06T06:43:19Z">
          <reporter-output>
          </reporter-output>
        </test-method> <!-- afterClass -->
      </class> <!-- guru99.gittest.App -->
    </test> <!-- Default test -->
  </suite> <!-- Default suite -->
</testng-results>
